[2022-11-11 20:12:03] local.ERROR: Undefined constant "NET_SSH2_DISCONNECT_BY_APPLICATION" {"exception":"[object] (Error(code: 0): Undefined constant \"NET_SSH2_DISCONNECT_BY_APPLICATION\" at /home/toor/assemblin/vendor/phpseclib/phpseclib/phpseclib/Net/SSH2.php:2651)
[stacktrace]
#0 /home/toor/assemblin/vendor/phpseclib/phpseclib/phpseclib/Net/SSH2.php(2667): Net_SSH2->disconnect()
#1 /home/toor/assemblin/vendor/league/flysystem-sftp/src/SftpAdapter.php(247): Net_SSH2->__destruct()
#2 /home/toor/assemblin/vendor/league/flysystem/src/Adapter/AbstractFtpAdapter.php(649): League\\Flysystem\\Sftp\\SftpAdapter->disconnect()
#3 /home/toor/assemblin/vendor/league/flysystem-sftp/src/SftpAdapter.php(390): League\\Flysystem\\Adapter\\AbstractFtpAdapter->getConnection()
#4 /home/toor/assemblin/vendor/league/flysystem-sftp/src/SftpAdapter.php(382): League\\Flysystem\\Sftp\\SftpAdapter->getMetadata()
#5 /home/toor/assemblin/vendor/league/flysystem/src/Filesystem.php(58): League\\Flysystem\\Sftp\\SftpAdapter->has()
#6 /home/toor/assemblin/vendor/league/flysystem/src/Filesystem.php(99): League\\Flysystem\\Filesystem->has()
#7 /home/toor/assemblin/vendor/laravel/framework/src/Illuminate/Filesystem/FilesystemAdapter.php(261): League\\Flysystem\\Filesystem->put()
#8 /home/toor/assemblin/app/Http/Traits/TrendDataTrait.php(41): Illuminate\\Filesystem\\FilesystemAdapter->put()
#9 /home/toor/assemblin/app/Console/Commands/HKA_Everymin_Job.php(72): App\\Console\\Commands\\HKA_Everymin_Job->receive_csv_and_savefile_sendto_external_ftp()
#10 /home/toor/assemblin/vendor/laravel/framework/src/Illuminate/Container/BoundMethod.php(36): App\\Console\\Commands\\HKA_Everymin_Job->handle()
#11 /home/toor/assemblin/vendor/laravel/framework/src/Illuminate/Container/Util.php(40): Illuminate\\Container\\BoundMethod::Illuminate\\Container\\{closure}()
#12 /home/toor/assemblin/vendor/laravel/framework/src/Illuminate/Container/BoundMethod.php(93): Illuminate\\Container\\Util::unwrapIfClosure()
#13 /home/toor/assemblin/vendor/laravel/framework/src/Illuminate/Container/BoundMethod.php(37): Illuminate\\Container\\BoundMethod::callBoundMethod()
#14 /home/toor/assemblin/vendor/laravel/framework/src/Illuminate/Container/Container.php(653): Illuminate\\Container\\BoundMethod::call()
#15 /home/toor/assemblin/vendor/laravel/framework/src/Illuminate/Console/Command.php(136): Illuminate\\Container\\Container->call()
#16 /home/toor/assemblin/vendor/symfony/console/Command/Command.php(298): Illuminate\\Console\\Command->execute()
#17 /home/toor/assemblin/vendor/laravel/framework/src/Illuminate/Console/Command.php(121): Symfony\\Component\\Console\\Command\\Command->run()
#18 /home/toor/assemblin/vendor/symfony/console/Application.php(1040): Illuminate\\Console\\Command->run()
#19 /home/toor/assemblin/vendor/symfony/console/Application.php(301): Symfony\\Component\\Console\\Application->doRunCommand()
#20 /home/toor/assemblin/vendor/symfony/console/Application.php(171): Symfony\\Component\\Console\\Application->doRun()
#21 /home/toor/assemblin/vendor/laravel/framework/src/Illuminate/Console/Application.php(94): Symfony\\Component\\Console\\Application->run()
#22 /home/toor/assemblin/vendor/laravel/framework/src/Illuminate/Foundation/Console/Kernel.php(129): Illuminate\\Console\\Application->run()
#23 /home/toor/assemblin/artisan(37): Illuminate\\Foundation\\Console\\Kernel->handle()
#24 {main}
"} 
[2022-11-11 20:23:02] local.ERROR: Undefined constant "NET_SSH2_DISCONNECT_BY_APPLICATION" {"exception":"[object] (Error(code: 0): Undefined constant \"NET_SSH2_DISCONNECT_BY_APPLICATION\" at /home/toor/assemblin/vendor/phpseclib/phpseclib/phpseclib/Net/SSH2.php:2651)
[stacktrace]
#0 /home/toor/assemblin/vendor/phpseclib/phpseclib/phpseclib/Net/SSH2.php(2667): Net_SSH2->disconnect()
#1 /home/toor/assemblin/vendor/league/flysystem-sftp/src/SftpAdapter.php(247): Net_SSH2->__destruct()
#2 /home/toor/assemblin/vendor/league/flysystem/src/Adapter/AbstractFtpAdapter.php(649): League\\Flysystem\\Sftp\\SftpAdapter->disconnect()
#3 /home/toor/assemblin/vendor/league/flysystem-sftp/src/SftpAdapter.php(390): League\\Flysystem\\Adapter\\AbstractFtpAdapter->getConnection()
#4 /home/toor/assemblin/vendor/league/flysystem-sftp/src/SftpAdapter.php(382): League\\Flysystem\\Sftp\\SftpAdapter->getMetadata()
#5 /home/toor/assemblin/vendor/league/flysystem/src/Filesystem.php(58): League\\Flysystem\\Sftp\\SftpAdapter->has()
#6 /home/toor/assemblin/vendor/league/flysystem/src/Filesystem.php(99): League\\Flysystem\\Filesystem->has()
#7 /home/toor/assemblin/vendor/laravel/framework/src/Illuminate/Filesystem/FilesystemAdapter.php(261): League\\Flysystem\\Filesystem->put()
#8 /home/toor/assemblin/app/Http/Traits/TrendDataTrait.php(41): Illuminate\\Filesystem\\FilesystemAdapter->put()
#9 /home/toor/assemblin/app/Console/Commands/HKA_Everymin_Job.php(72): App\\Console\\Commands\\HKA_Everymin_Job->receive_csv_and_savefile_sendto_external_ftp()
#10 /home/toor/assemblin/vendor/laravel/framework/src/Illuminate/Container/BoundMethod.php(36): App\\Console\\Commands\\HKA_Everymin_Job->handle()
#11 /home/toor/assemblin/vendor/laravel/framework/src/Illuminate/Container/Util.php(40): Illuminate\\Container\\BoundMethod::Illuminate\\Container\\{closure}()
#12 /home/toor/assemblin/vendor/laravel/framework/src/Illuminate/Container/BoundMethod.php(93): Illuminate\\Container\\Util::unwrapIfClosure()
#13 /home/toor/assemblin/vendor/laravel/framework/src/Illuminate/Container/BoundMethod.php(37): Illuminate\\Container\\BoundMethod::callBoundMethod()
#14 /home/toor/assemblin/vendor/laravel/framework/src/Illuminate/Container/Container.php(653): Illuminate\\Container\\BoundMethod::call()
#15 /home/toor/assemblin/vendor/laravel/framework/src/Illuminate/Console/Command.php(136): Illuminate\\Container\\Container->call()
#16 /home/toor/assemblin/vendor/symfony/console/Command/Command.php(298): Illuminate\\Console\\Command->execute()
#17 /home/toor/assemblin/vendor/laravel/framework/src/Illuminate/Console/Command.php(121): Symfony\\Component\\Console\\Command\\Command->run()
#18 /home/toor/assemblin/vendor/symfony/console/Application.php(1040): Illuminate\\Console\\Command->run()
#19 /home/toor/assemblin/vendor/symfony/console/Application.php(301): Symfony\\Component\\Console\\Application->doRunCommand()
#20 /home/toor/assemblin/vendor/symfony/console/Application.php(171): Symfony\\Component\\Console\\Application->doRun()
#21 /home/toor/assemblin/vendor/laravel/framework/src/Illuminate/Console/Application.php(94): Symfony\\Component\\Console\\Application->run()
#22 /home/toor/assemblin/vendor/laravel/framework/src/Illuminate/Foundation/Console/Kernel.php(129): Illuminate\\Console\\Application->run()
#23 /home/toor/assemblin/artisan(37): Illuminate\\Foundation\\Console\\Kernel->handle()
#24 {main}
"} 
[2022-11-14 13:47:01] local.ERROR: Undefined array key "wfs" {"exception":"[object] (ErrorException(code: 0): Undefined array key \"wfs\" at /home/toor/assemblin/app/Http/Traits/WeatherForcastTrait.php:39)
[stacktrace]
#0 /home/toor/assemblin/app/Http/Traits/WeatherForcastTrait.php(39): Illuminate\\Foundation\\Bootstrap\\HandleExceptions->handleError()
#1 /home/toor/assemblin/app/Console/Commands/HKA_Everymin_Job.php(92): App\\Console\\Commands\\HKA_Everymin_Job->getWeatherData()
#2 /home/toor/assemblin/vendor/laravel/framework/src/Illuminate/Container/BoundMethod.php(36): App\\Console\\Commands\\HKA_Everymin_Job->handle()
#3 /home/toor/assemblin/vendor/laravel/framework/src/Illuminate/Container/Util.php(40): Illuminate\\Container\\BoundMethod::Illuminate\\Container\\{closure}()
#4 /home/toor/assemblin/vendor/laravel/framework/src/Illuminate/Container/BoundMethod.php(93): Illuminate\\Container\\Util::unwrapIfClosure()
#5 /home/toor/assemblin/vendor/laravel/framework/src/Illuminate/Container/BoundMethod.php(37): Illuminate\\Container\\BoundMethod::callBoundMethod()
#6 /home/toor/assemblin/vendor/laravel/framework/src/Illuminate/Container/Container.php(653): Illuminate\\Container\\BoundMethod::call()
#7 /home/toor/assemblin/vendor/laravel/framework/src/Illuminate/Console/Command.php(136): Illuminate\\Container\\Container->call()
#8 /home/toor/assemblin/vendor/symfony/console/Command/Command.php(298): Illuminate\\Console\\Command->execute()
#9 /home/toor/assemblin/vendor/laravel/framework/src/Illuminate/Console/Command.php(121): Symfony\\Component\\Console\\Command\\Command->run()
#10 /home/toor/assemblin/vendor/symfony/console/Application.php(1040): Illuminate\\Console\\Command->run()
#11 /home/toor/assemblin/vendor/symfony/console/Application.php(301): Symfony\\Component\\Console\\Application->doRunCommand()
#12 /home/toor/assemblin/vendor/symfony/console/Application.php(171): Symfony\\Component\\Console\\Application->doRun()
#13 /home/toor/assemblin/vendor/laravel/framework/src/Illuminate/Console/Application.php(94): Symfony\\Component\\Console\\Application->run()
#14 /home/toor/assemblin/vendor/laravel/framework/src/Illuminate/Foundation/Console/Kernel.php(129): Illuminate\\Console\\Application->run()
#15 /home/toor/assemblin/artisan(37): Illuminate\\Foundation\\Console\\Kernel->handle()
#16 {main}
"} 
[2022-11-14 13:47:44] local.ERROR: Undefined array key "wfs" {"exception":"[object] (ErrorException(code: 0): Undefined array key \"wfs\" at /home/toor/assemblin/app/Http/Traits/WeatherForcastTrait.php:39)
[stacktrace]
#0 /home/toor/assemblin/app/Http/Traits/WeatherForcastTrait.php(39): Illuminate\\Foundation\\Bootstrap\\HandleExceptions->handleError()
#1 /home/toor/assemblin/app/Console/Commands/HKA_Everymin_Job.php(92): App\\Console\\Commands\\HKA_Everymin_Job->getWeatherData()
#2 /home/toor/assemblin/vendor/laravel/framework/src/Illuminate/Container/BoundMethod.php(36): App\\Console\\Commands\\HKA_Everymin_Job->handle()
#3 /home/toor/assemblin/vendor/laravel/framework/src/Illuminate/Container/Util.php(40): Illuminate\\Container\\BoundMethod::Illuminate\\Container\\{closure}()
#4 /home/toor/assemblin/vendor/laravel/framework/src/Illuminate/Container/BoundMethod.php(93): Illuminate\\Container\\Util::unwrapIfClosure()
#5 /home/toor/assemblin/vendor/laravel/framework/src/Illuminate/Container/BoundMethod.php(37): Illuminate\\Container\\BoundMethod::callBoundMethod()
#6 /home/toor/assemblin/vendor/laravel/framework/src/Illuminate/Container/Container.php(653): Illuminate\\Container\\BoundMethod::call()
#7 /home/toor/assemblin/vendor/laravel/framework/src/Illuminate/Console/Command.php(136): Illuminate\\Container\\Container->call()
#8 /home/toor/assemblin/vendor/symfony/console/Command/Command.php(298): Illuminate\\Console\\Command->execute()
#9 /home/toor/assemblin/vendor/laravel/framework/src/Illuminate/Console/Command.php(121): Symfony\\Component\\Console\\Command\\Command->run()
#10 /home/toor/assemblin/vendor/symfony/console/Application.php(1040): Illuminate\\Console\\Command->run()
#11 /home/toor/assemblin/vendor/symfony/console/Application.php(301): Symfony\\Component\\Console\\Application->doRunCommand()
#12 /home/toor/assemblin/vendor/symfony/console/Application.php(171): Symfony\\Component\\Console\\Application->doRun()
#13 /home/toor/assemblin/vendor/laravel/framework/src/Illuminate/Console/Application.php(94): Symfony\\Component\\Console\\Application->run()
#14 /home/toor/assemblin/vendor/laravel/framework/src/Illuminate/Foundation/Console/Kernel.php(129): Illuminate\\Console\\Application->run()
#15 /home/toor/assemblin/artisan(37): Illuminate\\Foundation\\Console\\Kernel->handle()
#16 {main}
"} 
[2022-11-14 14:49:01] local.ERROR: Undefined array key "wfs" {"exception":"[object] (ErrorException(code: 0): Undefined array key \"wfs\" at /home/toor/assemblin/app/Http/Traits/WeatherForcastTrait.php:39)
[stacktrace]
#0 /home/toor/assemblin/app/Http/Traits/WeatherForcastTrait.php(39): Illuminate\\Foundation\\Bootstrap\\HandleExceptions->handleError()
#1 /home/toor/assemblin/app/Console/Commands/HKA_Everymin_Job.php(92): App\\Console\\Commands\\HKA_Everymin_Job->getWeatherData()
#2 /home/toor/assemblin/vendor/laravel/framework/src/Illuminate/Container/BoundMethod.php(36): App\\Console\\Commands\\HKA_Everymin_Job->handle()
#3 /home/toor/assemblin/vendor/laravel/framework/src/Illuminate/Container/Util.php(40): Illuminate\\Container\\BoundMethod::Illuminate\\Container\\{closure}()
#4 /home/toor/assemblin/vendor/laravel/framework/src/Illuminate/Container/BoundMethod.php(93): Illuminate\\Container\\Util::unwrapIfClosure()
#5 /home/toor/assemblin/vendor/laravel/framework/src/Illuminate/Container/BoundMethod.php(37): Illuminate\\Container\\BoundMethod::callBoundMethod()
#6 /home/toor/assemblin/vendor/laravel/framework/src/Illuminate/Container/Container.php(653): Illuminate\\Container\\BoundMethod::call()
#7 /home/toor/assemblin/vendor/laravel/framework/src/Illuminate/Console/Command.php(136): Illuminate\\Container\\Container->call()
#8 /home/toor/assemblin/vendor/symfony/console/Command/Command.php(298): Illuminate\\Console\\Command->execute()
#9 /home/toor/assemblin/vendor/laravel/framework/src/Illuminate/Console/Command.php(121): Symfony\\Component\\Console\\Command\\Command->run()
#10 /home/toor/assemblin/vendor/symfony/console/Application.php(1040): Illuminate\\Console\\Command->run()
#11 /home/toor/assemblin/vendor/symfony/console/Application.php(301): Symfony\\Component\\Console\\Application->doRunCommand()
#12 /home/toor/assemblin/vendor/symfony/console/Application.php(171): Symfony\\Component\\Console\\Application->doRun()
#13 /home/toor/assemblin/vendor/laravel/framework/src/Illuminate/Console/Application.php(94): Symfony\\Component\\Console\\Application->run()
#14 /home/toor/assemblin/vendor/laravel/framework/src/Illuminate/Foundation/Console/Kernel.php(129): Illuminate\\Console\\Application->run()
#15 /home/toor/assemblin/artisan(37): Illuminate\\Foundation\\Console\\Kernel->handle()
#16 {main}
"} 
[2022-11-14 14:49:45] local.ERROR: Undefined array key "wfs" {"exception":"[object] (ErrorException(code: 0): Undefined array key \"wfs\" at /home/toor/assemblin/app/Http/Traits/WeatherForcastTrait.php:39)
[stacktrace]
#0 /home/toor/assemblin/app/Http/Traits/WeatherForcastTrait.php(39): Illuminate\\Foundation\\Bootstrap\\HandleExceptions->handleError()
#1 /home/toor/assemblin/app/Console/Commands/HKA_Everymin_Job.php(92): App\\Console\\Commands\\HKA_Everymin_Job->getWeatherData()
#2 /home/toor/assemblin/vendor/laravel/framework/src/Illuminate/Container/BoundMethod.php(36): App\\Console\\Commands\\HKA_Everymin_Job->handle()
#3 /home/toor/assemblin/vendor/laravel/framework/src/Illuminate/Container/Util.php(40): Illuminate\\Container\\BoundMethod::Illuminate\\Container\\{closure}()
#4 /home/toor/assemblin/vendor/laravel/framework/src/Illuminate/Container/BoundMethod.php(93): Illuminate\\Container\\Util::unwrapIfClosure()
#5 /home/toor/assemblin/vendor/laravel/framework/src/Illuminate/Container/BoundMethod.php(37): Illuminate\\Container\\BoundMethod::callBoundMethod()
#6 /home/toor/assemblin/vendor/laravel/framework/src/Illuminate/Container/Container.php(653): Illuminate\\Container\\BoundMethod::call()
#7 /home/toor/assemblin/vendor/laravel/framework/src/Illuminate/Console/Command.php(136): Illuminate\\Container\\Container->call()
#8 /home/toor/assemblin/vendor/symfony/console/Command/Command.php(298): Illuminate\\Console\\Command->execute()
#9 /home/toor/assemblin/vendor/laravel/framework/src/Illuminate/Console/Command.php(121): Symfony\\Component\\Console\\Command\\Command->run()
#10 /home/toor/assemblin/vendor/symfony/console/Application.php(1040): Illuminate\\Console\\Command->run()
#11 /home/toor/assemblin/vendor/symfony/console/Application.php(301): Symfony\\Component\\Console\\Application->doRunCommand()
#12 /home/toor/assemblin/vendor/symfony/console/Application.php(171): Symfony\\Component\\Console\\Application->doRun()
#13 /home/toor/assemblin/vendor/laravel/framework/src/Illuminate/Console/Application.php(94): Symfony\\Component\\Console\\Application->run()
#14 /home/toor/assemblin/vendor/laravel/framework/src/Illuminate/Foundation/Console/Kernel.php(129): Illuminate\\Console\\Application->run()
#15 /home/toor/assemblin/artisan(37): Illuminate\\Foundation\\Console\\Kernel->handle()
#16 {main}
"} 
